0 verbose cli [
0 verbose cli   'C:\\Program Files\\nodejs\\node.exe',
0 verbose cli   'C:\\Users\\ogunmolawm\\AppData\\Roaming\\npm\\node_modules\\npm\\bin\\npm-cli.js',
0 verbose cli   'i'
0 verbose cli ]
1 info using npm@7.6.3
2 info using node@v12.18.4
3 timing config:load:defaults Completed in 1ms
4 timing config:load:file:C:\Users\ogunmolawm\AppData\Roaming\npm\node_modules\npm\npmrc Completed in 1ms
5 timing config:load:builtin Completed in 2ms
6 timing config:load:cli Completed in 1ms
7 timing config:load:env Completed in 1ms
8 timing config:load:file:C:\Users\ogunmolawm\source\angular-architect\teammates\.npmrc Completed in 0ms
9 timing config:load:project Completed in 0ms
10 timing config:load:file:C:\Users\ogunmolawm\.npmrc Completed in 1ms
11 timing config:load:user Completed in 1ms
12 timing config:load:file:C:\Users\ogunmolawm\AppData\Roaming\npm\etc\npmrc Completed in 0ms
13 timing config:load:global Completed in 0ms
14 timing config:load:cafile Completed in 1ms
15 timing config:load:validate Completed in 0ms
16 timing config:load:setUserAgent Completed in 0ms
17 timing config:load:setEnvs Completed in 0ms
18 timing config:load Completed in 8ms
19 verbose npm-session 15cbe83867449df9
20 timing npm:load Completed in 16ms
21 timing arborist:ctor Completed in 1ms
22 timing arborist:ctor Completed in 0ms
23 timing idealTree:init Completed in 19ms
24 timing idealTree:userRequests Completed in 0ms
25 silly idealTree buildDeps
26 silly fetch manifest @angular-devkit/build-angular@~0.803.19
27 http fetch GET 200 https://registry.npmjs.org/@angular-devkit%2fbuild-angular 26ms (from cache)
28 silly fetch manifest @angular/compiler-cli@~8.2.14
29 http fetch GET 304 https://registry.npmjs.org/@angular%2fcompiler-cli 306ms (from cache)
30 silly fetch manifest @angular/compiler@~8.2.14
31 http fetch GET 304 https://registry.npmjs.org/@angular%2fcompiler 116ms (from cache)
32 silly fetch manifest typescript@~3.5.3
33 http fetch GET 304 https://registry.npmjs.org/typescript 113ms (from cache)
34 silly fetch manifest @angular/cli@~8.3.19
35 http fetch GET 304 https://registry.npmjs.org/@angular%2fcli 2153ms (from cache)
36 silly fetch manifest @angular/language-service@~8.2.14
37 http fetch GET 200 https://registry.npmjs.org/@angular%2flanguage-service 25ms (from cache)
38 silly fetch manifest @types/node@~8.9.4
39 http fetch GET 304 https://registry.npmjs.org/@types%2fnode 114ms (from cache)
40 silly fetch manifest @types/jasmine@~3.3.8
41 http fetch GET 304 https://registry.npmjs.org/@types%2fjasmine 107ms (from cache)
42 silly fetch manifest @types/jasminewd2@~2.0.3
43 http fetch GET 304 https://registry.npmjs.org/@types%2fjasminewd2 139ms (from cache)
44 silly fetch manifest codelyzer@^5.0.0
45 http fetch GET 304 https://registry.npmjs.org/codelyzer 106ms (from cache)
46 silly fetch manifest @angular/core@~8.2.14
47 http fetch GET 304 https://registry.npmjs.org/@angular%2fcore 97ms (from cache)
48 silly fetch manifest rxjs@~6.4.0
49 http fetch GET 304 https://registry.npmjs.org/rxjs 79ms (from cache)
50 silly fetch manifest zone.js@~0.9.1
51 http fetch GET 304 https://registry.npmjs.org/zone.js 94ms (from cache)
52 silly fetch manifest tslint@~5.15.0
53 http fetch GET 304 https://registry.npmjs.org/tslint 121ms (from cache)
54 silly fetch manifest jasmine-core@~3.4.0
55 http fetch GET 304 https://registry.npmjs.org/jasmine-core 103ms (from cache)
56 silly fetch manifest jasmine-spec-reporter@~4.2.1
57 http fetch GET 304 https://registry.npmjs.org/jasmine-spec-reporter 89ms (from cache)
58 silly fetch manifest karma@~4.1.0
59 http fetch GET 304 https://registry.npmjs.org/karma 85ms (from cache)
60 silly fetch manifest karma-chrome-launcher@~2.2.0
61 http fetch GET 304 https://registry.npmjs.org/karma-chrome-launcher 92ms (from cache)
62 silly fetch manifest karma-coverage-istanbul-reporter@~2.0.1
63 http fetch GET 304 https://registry.npmjs.org/karma-coverage-istanbul-reporter 75ms (from cache)
64 silly fetch manifest karma-jasmine@~2.0.1
65 http fetch GET 304 https://registry.npmjs.org/karma-jasmine 82ms (from cache)
66 silly fetch manifest karma-jasmine-html-reporter@^1.4.0
67 http fetch GET 304 https://registry.npmjs.org/karma-jasmine-html-reporter 87ms (from cache)
68 silly fetch manifest jasmine-core@>=3.8
69 timing idealTree Completed in 4426ms
70 timing command:i Completed in 4436ms
71 verbose stack Error: unable to resolve dependency tree
71 verbose stack     at Arborist.[failPeerConflict] (C:\Users\ogunmolawm\AppData\Roaming\npm\node_modules\npm\node_modules\@npmcli\arborist\lib\arborist\build-ideal-tree.js:1157:25)
71 verbose stack     at Arborist.[loadPeerSet] (C:\Users\ogunmolawm\AppData\Roaming\npm\node_modules\npm\node_modules\@npmcli\arborist\lib\arborist\build-ideal-tree.js:1134:34)
71 verbose stack     at async Arborist.[buildDepStep] (C:\Users\ogunmolawm\AppData\Roaming\npm\node_modules\npm\node_modules\@npmcli\arborist\lib\arborist\build-ideal-tree.js:838:11)
71 verbose stack     at async Arborist.buildIdealTree (C:\Users\ogunmolawm\AppData\Roaming\npm\node_modules\npm\node_modules\@npmcli\arborist\lib\arborist\build-ideal-tree.js:209:7)
71 verbose stack     at async Promise.all (index 1)
71 verbose stack     at async Arborist.reify (C:\Users\ogunmolawm\AppData\Roaming\npm\node_modules\npm\node_modules\@npmcli\arborist\lib\arborist\reify.js:131:5)
71 verbose stack     at async Install.install (C:\Users\ogunmolawm\AppData\Roaming\npm\node_modules\npm\lib\install.js:120:5)
72 verbose cwd C:\Users\ogunmolawm\source\angular-architect\teammates
73 verbose Windows_NT 10.0.18362
74 verbose argv "C:\\Program Files\\nodejs\\node.exe" "C:\\Users\\ogunmolawm\\AppData\\Roaming\\npm\\node_modules\\npm\\bin\\npm-cli.js" "i"
75 verbose node v12.18.4
76 verbose npm  v7.6.3
77 error code ERESOLVE
78 error ERESOLVE unable to resolve dependency tree
79 error
80 error While resolving: [1mteammates[22m@[1m0.0.0[22m
80 error Found: [1mjasmine-core[22m@[1m3.4.0[22m[2m[22m
80 error [2mnode_modules/jasmine-core[22m
80 error   [33mdev[39m [1mjasmine-core[22m@"[1m~3.4.0[22m" from the root project
80 error
80 error Could not resolve dependency:
80 error [35mpeer[39m [1mjasmine-core[22m@"[1m>=3.8[22m" from [1mkarma-jasmine-html-reporter[22m@[1m1.7.0[22m[2m[22m
80 error [2mnode_modules/karma-jasmine-html-reporter[22m
80 error   [33mdev[39m [1mkarma-jasmine-html-reporter[22m@"[1m^1.4.0[22m" from the root project
80 error
80 error Fix the upstream dependency conflict, or retry
80 error this command with --force, or --legacy-peer-deps
80 error to accept an incorrect (and potentially broken) dependency resolution.
80 error
80 error See C:\Users\ogunmolawm\source\angular-architect\teammates\eresolve-report.txt for a full report.
81 verbose exit 1
